2025-02-24 00:00:59,693 INFO  [SpringApplicationShutdownHook] org.springframework.orm.jpa.LocalContainerEntityManagerFactoryBean:Closing JPA EntityManagerFactory for persistence unit 'default'
2025-02-24 00:00:59,719 INFO  [SpringApplicationShutdownHook] com.zaxxer.hikari.HikariDataSource:HikariPool-1 - Shutdown initiated...
2025-02-24 00:00:59,726 INFO  [SpringApplicationShutdownHook] com.zaxxer.hikari.HikariDataSource:HikariPool-1 - Shutdown completed.
2025-02-24 00:01:16,399 INFO  [restartedMain] com.techproed.schoolmanagementbackendb326.SchoolManagementBackendB326Application:Starting SchoolManagementBackendB326Application using Java 20.0.2 on DESKTOP-ADQFH9V with PID 1096 (C:\Users\samsung\IdeaProjects\SchoolManagementInstructor\target\classes started by samsung in C:\Users\samsung\IdeaProjects\SchoolManagementInstructor)
2025-02-24 00:01:16,401 INFO  [restartedMain] com.techproed.schoolmanagementbackendb326.SchoolManagementBackendB326Application:No active profile set, falling back to 1 default profile: "default"
2025-02-24 00:01:16,503 INFO  [restartedMain] org.springframework.boot.devtools.env.DevToolsPropertyDefaultsPostProcessor:Devtools property defaults active! Set 'spring.devtools.add-properties' to 'false' to disable
2025-02-24 00:01:16,503 INFO  [restartedMain] org.springframework.boot.devtools.env.DevToolsPropertyDefaultsPostProcessor:For additional web related logging consider setting the 'logging.level.web' property to 'DEBUG'
2025-02-24 00:01:18,228 INFO  [restartedMain] org.springframework.data.repository.config.RepositoryConfigurationDelegate:Bootstrapping Spring Data JPA repositories in DEFAULT mode.
2025-02-24 00:01:18,416 INFO  [restartedMain] org.springframework.data.repository.config.RepositoryConfigurationDelegate:Finished Spring Data repository scanning in 173 ms. Found 6 JPA repository interfaces.
2025-02-24 00:01:19,742 INFO  [restartedMain] org.springframework.boot.web.embedded.tomcat.TomcatWebServer:Tomcat initialized with port(s): 9092 (http)
2025-02-24 00:01:19,780 INFO  [restartedMain] org.apache.catalina.core.StandardService:Starting service [Tomcat]
2025-02-24 00:01:19,781 INFO  [restartedMain] org.apache.catalina.core.StandardEngine:Starting Servlet engine: [Apache Tomcat/9.0.68]
2025-02-24 00:01:19,912 INFO  [restartedMain] org.apache.catalina.core.ContainerBase.[Tomcat].[localhost].[/]:Initializing Spring embedded WebApplicationContext
2025-02-24 00:01:19,913 INFO  [restartedMain] org.springframework.boot.web.servlet.context.ServletWebServerApplicationContext:Root WebApplicationContext: initialization completed in 3409 ms
2025-02-24 00:01:20,238 INFO  [restartedMain] org.hibernate.jpa.internal.util.LogHelper:HHH000204: Processing PersistenceUnitInfo [name: default]
2025-02-24 00:01:20,338 INFO  [restartedMain] org.hibernate.Version:HHH000412: Hibernate ORM core version 5.6.12.Final
2025-02-24 00:01:20,668 INFO  [restartedMain] org.hibernate.annotations.common.Version:HCANN000001: Hibernate Commons Annotations {5.1.2.Final}
2025-02-24 00:01:20,827 INFO  [restartedMain] com.zaxxer.hikari.HikariDataSource:HikariPool-1 - Starting...
2025-02-24 00:01:21,257 INFO  [restartedMain] com.zaxxer.hikari.HikariDataSource:HikariPool-1 - Start completed.
2025-02-24 00:01:21,297 INFO  [restartedMain] org.hibernate.dialect.Dialect:HHH000400: Using dialect: org.hibernate.dialect.PostgreSQL81Dialect
2025-02-24 00:01:23,229 INFO  [restartedMain] org.hibernate.engine.transaction.jta.platform.internal.JtaPlatformInitiator:HHH000490: Using JtaPlatform implementation: [org.hibernate.engine.transaction.jta.platform.internal.NoJtaPlatform]
2025-02-24 00:01:23,242 INFO  [restartedMain] org.springframework.orm.jpa.LocalContainerEntityManagerFactoryBean:Initialized JPA EntityManagerFactory for persistence unit 'default'
2025-02-24 00:01:25,036 INFO  [restartedMain] org.springframework.security.web.DefaultSecurityFilterChain:Will secure any request with [org.springframework.security.web.session.DisableEncodeUrlFilter@1fed9ea9, org.springframework.security.web.context.request.async.WebAsyncManagerIntegrationFilter@41360a2, org.springframework.security.web.context.SecurityContextPersistenceFilter@5a0fea5d, org.springframework.security.web.header.HeaderWriterFilter@ebfbea0, org.springframework.web.filter.CorsFilter@41467fed, org.springframework.security.web.authentication.logout.LogoutFilter@4a493084, com.techproed.schoolmanagementbackendb326.securtiy.jwt.AuthTokenFilter@3474b706, org.springframework.security.web.savedrequest.RequestCacheAwareFilter@27be8c32, org.springframework.security.web.servletapi.SecurityContextHolderAwareRequestFilter@146e9c8, org.springframework.security.web.authentication.AnonymousAuthenticationFilter@3438a921, org.springframework.security.web.session.SessionManagementFilter@736b6aae, org.springframework.security.web.access.ExceptionTranslationFilter@43119e8e, org.springframework.security.web.access.intercept.FilterSecurityInterceptor@28a6787e]
2025-02-24 00:01:25,430 INFO  [restartedMain] org.springframework.boot.devtools.autoconfigure.OptionalLiveReloadServer:LiveReload server is running on port 35729
2025-02-24 00:01:25,483 INFO  [restartedMain] org.springframework.boot.web.embedded.tomcat.TomcatWebServer:Tomcat started on port(s): 9092 (http) with context path ''
2025-02-24 00:01:25,502 INFO  [restartedMain] com.techproed.schoolmanagementbackendb326.SchoolManagementBackendB326Application:Started SchoolManagementBackendB326Application in 9.98 seconds (JVM running for 10.841)
2025-02-24 00:01:33,327 INFO  [http-nio-9092-exec-1] org.apache.catalina.core.ContainerBase.[Tomcat].[localhost].[/]:Initializing Spring DispatcherServlet 'dispatcherServlet'
2025-02-24 00:01:39,377 WARN  [http-nio-9092-exec-3] org.springframework.web.servlet.mvc.annotation.ResponseStatusExceptionResolver:Resolved [com.techproed.schoolmanagementbackendb326.exception.BadRequestException: Error: Teacher with id admin is not an advisor teacher]
2025-02-24 00:01:43,991 WARN  [http-nio-9092-exec-5] org.springframework.web.servlet.mvc.annotation.ResponseStatusExceptionResolver:Resolved [com.techproed.schoolmanagementbackendb326.exception.BadRequestException: Error: Teacher with id admin is not an advisor teacher]
2025-02-24 00:03:45,704 WARN  [http-nio-9092-exec-7] org.springframework.web.servlet.mvc.annotation.ResponseStatusExceptionResolver:Resolved [com.techproed.schoolmanagementbackendb326.exception.BadRequestException: Error: Teacher with id admin5 is not an advisor teacher]
2025-02-24 00:04:16,826 WARN  [http-nio-9092-exec-9] org.springframework.web.servlet.mvc.support.DefaultHandlerExceptionResolver:Resolved [org.springframework.web.bind.MethodArgumentNotValidException: Validation failed for argument [0] in public com.techproed.schoolmanagementbackendb326.payload.response.business.ResponseMessage<com.techproed.schoolmanagementbackendb326.payload.response.user.StudentResponse> com.techproed.schoolmanagementbackendb326.controller.user.StudentController.save(com.techproed.schoolmanagementbackendb326.payload.request.user.StudentRequest) with 3 errors: [Field error in object 'studentRequest' on field 'advisorTeacherId': rejected value [null]; codes [NotNull.studentRequest.advisorTeacherId,NotNull.advisorTeacherId,NotNull.java.lang.Long,NotNull]; arguments [org.springframework.context.support.DefaultMessageSourceResolvable: codes [studentRequest.advisorTeacherId,advisorTeacherId]; arguments []; default message [advisorTeacherId]]; default message [Please select advisor teacher]] [Field error in object 'studentRequest' on field 'fatherName': rejected value [null]; codes [NotNull.studentRequest.fatherName,NotNull.fatherName,NotNull.java.lang.String,NotNull]; arguments [org.springframework.context.support.DefaultMessageSourceResolvable: codes [studentRequest.fatherName,fatherName]; arguments []; default message [fatherName]]; default message [Please enter father name]] [Field error in object 'studentRequest' on field 'motherName': rejected value [null]; codes [NotNull.studentRequest.motherName,NotNull.motherName,NotNull.java.lang.String,NotNull]; arguments [org.springframework.context.support.DefaultMessageSourceResolvable: codes [studentRequest.motherName,motherName]; arguments []; default message [motherName]]; default message [Please enter mother name]] ]
2025-02-24 05:59:10,962 WARN  [HikariPool-1 housekeeper] com.zaxxer.hikari.pool.HikariPool:HikariPool-1 - Thread starvation or clock leap detected (housekeeper delta=3h16s787ms111µs500ns).
2025-02-24 11:33:13,796 WARN  [HikariPool-1 housekeeper] com.zaxxer.hikari.pool.HikariPool:HikariPool-1 - Thread starvation or clock leap detected (housekeeper delta=5h34m10s780ms390µs300ns).
2025-02-24 17:12:42,620 INFO  [restartedMain] com.techproed.schoolmanagementbackendb326.SchoolManagementBackendB326Application:Starting SchoolManagementBackendB326Application using Java 20.0.2 on DESKTOP-ADQFH9V with PID 596 (C:\Users\samsung\IdeaProjects\SchoolManagementInstructor\target\classes started by samsung in C:\Users\samsung\IdeaProjects\SchoolManagementInstructor)
2025-02-24 17:12:42,624 INFO  [restartedMain] com.techproed.schoolmanagementbackendb326.SchoolManagementBackendB326Application:No active profile set, falling back to 1 default profile: "default"
2025-02-24 17:12:43,090 INFO  [restartedMain] org.springframework.boot.devtools.env.DevToolsPropertyDefaultsPostProcessor:Devtools property defaults active! Set 'spring.devtools.add-properties' to 'false' to disable
2025-02-24 17:12:43,090 INFO  [restartedMain] org.springframework.boot.devtools.env.DevToolsPropertyDefaultsPostProcessor:For additional web related logging consider setting the 'logging.level.web' property to 'DEBUG'
2025-02-24 17:12:47,384 INFO  [restartedMain] org.springframework.data.repository.config.RepositoryConfigurationDelegate:Bootstrapping Spring Data JPA repositories in DEFAULT mode.
2025-02-24 17:12:47,580 INFO  [restartedMain] org.springframework.data.repository.config.RepositoryConfigurationDelegate:Finished Spring Data repository scanning in 180 ms. Found 6 JPA repository interfaces.
2025-02-24 17:12:50,033 INFO  [restartedMain] org.springframework.boot.web.embedded.tomcat.TomcatWebServer:Tomcat initialized with port(s): 9092 (http)
2025-02-24 17:12:50,264 INFO  [restartedMain] org.apache.catalina.core.StandardService:Starting service [Tomcat]
2025-02-24 17:12:50,265 INFO  [restartedMain] org.apache.catalina.core.StandardEngine:Starting Servlet engine: [Apache Tomcat/9.0.68]
2025-02-24 17:12:50,446 INFO  [restartedMain] org.apache.catalina.core.ContainerBase.[Tomcat].[localhost].[/]:Initializing Spring embedded WebApplicationContext
2025-02-24 17:12:50,447 INFO  [restartedMain] org.springframework.boot.web.servlet.context.ServletWebServerApplicationContext:Root WebApplicationContext: initialization completed in 7355 ms
2025-02-24 17:12:50,791 INFO  [restartedMain] org.hibernate.jpa.internal.util.LogHelper:HHH000204: Processing PersistenceUnitInfo [name: default]
2025-02-24 17:12:50,937 INFO  [restartedMain] org.hibernate.Version:HHH000412: Hibernate ORM core version 5.6.12.Final
2025-02-24 17:12:51,276 INFO  [restartedMain] org.hibernate.annotations.common.Version:HCANN000001: Hibernate Commons Annotations {5.1.2.Final}
2025-02-24 17:12:51,467 INFO  [restartedMain] com.zaxxer.hikari.HikariDataSource:HikariPool-1 - Starting...
2025-02-24 17:12:54,439 INFO  [restartedMain] com.zaxxer.hikari.HikariDataSource:HikariPool-1 - Start completed.
2025-02-24 17:12:54,487 INFO  [restartedMain] org.hibernate.dialect.Dialect:HHH000400: Using dialect: org.hibernate.dialect.PostgreSQL81Dialect
2025-02-24 17:12:57,932 INFO  [restartedMain] org.hibernate.engine.transaction.jta.platform.internal.JtaPlatformInitiator:HHH000490: Using JtaPlatform implementation: [org.hibernate.engine.transaction.jta.platform.internal.NoJtaPlatform]
2025-02-24 17:12:57,993 INFO  [restartedMain] org.springframework.orm.jpa.LocalContainerEntityManagerFactoryBean:Initialized JPA EntityManagerFactory for persistence unit 'default'
2025-02-24 17:13:01,968 INFO  [restartedMain] org.springframework.security.web.DefaultSecurityFilterChain:Will secure any request with [org.springframework.security.web.session.DisableEncodeUrlFilter@12db55cb, org.springframework.security.web.context.request.async.WebAsyncManagerIntegrationFilter@5dd982d3, org.springframework.security.web.context.SecurityContextPersistenceFilter@4b1c49b3, org.springframework.security.web.header.HeaderWriterFilter@429b7690, org.springframework.web.filter.CorsFilter@708a51a1, org.springframework.security.web.authentication.logout.LogoutFilter@57e0da3e, com.techproed.schoolmanagementbackendb326.securtiy.jwt.AuthTokenFilter@6290e84a, org.springframework.security.web.savedrequest.RequestCacheAwareFilter@4bc9341f, org.springframework.security.web.servletapi.SecurityContextHolderAwareRequestFilter@3755a144, org.springframework.security.web.authentication.AnonymousAuthenticationFilter@bb7ac9f, org.springframework.security.web.session.SessionManagementFilter@56c65a1a, org.springframework.security.web.access.ExceptionTranslationFilter@4c450968, org.springframework.security.web.access.intercept.FilterSecurityInterceptor@154b40db]
2025-02-24 17:13:02,609 INFO  [restartedMain] org.springframework.boot.devtools.autoconfigure.OptionalLiveReloadServer:LiveReload server is running on port 35729
2025-02-24 17:13:02,704 INFO  [restartedMain] org.springframework.boot.web.embedded.tomcat.TomcatWebServer:Tomcat started on port(s): 9092 (http) with context path ''
2025-02-24 17:13:02,732 INFO  [restartedMain] com.techproed.schoolmanagementbackendb326.SchoolManagementBackendB326Application:Started SchoolManagementBackendB326Application in 21.448 seconds (JVM running for 23.008)
2025-02-24 17:14:04,557 INFO  [http-nio-9092-exec-1] org.apache.catalina.core.ContainerBase.[Tomcat].[localhost].[/]:Initializing Spring DispatcherServlet 'dispatcherServlet'
2025-02-24 17:14:04,737 ERROR [http-nio-9092-exec-1] com.techproed.schoolmanagementbackendb326.securtiy.jwt.JwtUtils:JWT token is expired: JWT expired at 2025-02-24T02:25:33Z. Current time: 2025-02-24T17:14:04Z, a difference of 53311736 milliseconds.  Allowed clock skew: 0 milliseconds.
2025-02-24 17:14:04,752 ERROR [http-nio-9092-exec-1] com.techproed.schoolmanagementbackendb326.securtiy.jwt.AuthEntryPointJwt:Unauthorized access : Full authentication is required to access this resource
2025-02-24 17:15:10,460 WARN  [http-nio-9092-exec-5] org.springframework.web.servlet.mvc.annotation.ResponseStatusExceptionResolver:Resolved [com.techproed.schoolmanagementbackendb326.exception.ConflictException: Error: User with ssn 111-11-1102 is already registered]
2025-02-24 18:01:06,451 INFO  [SpringApplicationShutdownHook] org.springframework.orm.jpa.LocalContainerEntityManagerFactoryBean:Closing JPA EntityManagerFactory for persistence unit 'default'
2025-02-24 18:01:06,709 INFO  [SpringApplicationShutdownHook] com.zaxxer.hikari.HikariDataSource:HikariPool-1 - Shutdown initiated...
2025-02-24 18:01:06,798 INFO  [SpringApplicationShutdownHook] com.zaxxer.hikari.HikariDataSource:HikariPool-1 - Shutdown completed.
2025-02-24 18:01:55,626 INFO  [restartedMain] com.techproed.schoolmanagementbackendb326.SchoolManagementBackendB326Application:Starting SchoolManagementBackendB326Application using Java 20.0.2 on DESKTOP-ADQFH9V with PID 11288 (C:\Users\samsung\IdeaProjects\SchoolManagementInstructor\target\classes started by samsung in C:\Users\samsung\IdeaProjects\SchoolManagementInstructor)
2025-02-24 18:01:55,628 INFO  [restartedMain] com.techproed.schoolmanagementbackendb326.SchoolManagementBackendB326Application:No active profile set, falling back to 1 default profile: "default"
2025-02-24 18:01:55,955 INFO  [restartedMain] org.springframework.boot.devtools.env.DevToolsPropertyDefaultsPostProcessor:Devtools property defaults active! Set 'spring.devtools.add-properties' to 'false' to disable
2025-02-24 18:01:55,956 INFO  [restartedMain] org.springframework.boot.devtools.env.DevToolsPropertyDefaultsPostProcessor:For additional web related logging consider setting the 'logging.level.web' property to 'DEBUG'
2025-02-24 18:01:58,432 INFO  [restartedMain] org.springframework.data.repository.config.RepositoryConfigurationDelegate:Bootstrapping Spring Data JPA repositories in DEFAULT mode.
2025-02-24 18:01:58,654 INFO  [restartedMain] org.springframework.data.repository.config.RepositoryConfigurationDelegate:Finished Spring Data repository scanning in 206 ms. Found 6 JPA repository interfaces.
2025-02-24 18:02:01,320 INFO  [restartedMain] org.springframework.boot.web.embedded.tomcat.TomcatWebServer:Tomcat initialized with port(s): 9092 (http)
2025-02-24 18:02:01,341 INFO  [restartedMain] org.apache.catalina.core.StandardService:Starting service [Tomcat]
2025-02-24 18:02:01,342 INFO  [restartedMain] org.apache.catalina.core.StandardEngine:Starting Servlet engine: [Apache Tomcat/9.0.68]
2025-02-24 18:02:01,476 INFO  [restartedMain] org.apache.catalina.core.ContainerBase.[Tomcat].[localhost].[/]:Initializing Spring embedded WebApplicationContext
2025-02-24 18:02:01,477 INFO  [restartedMain] org.springframework.boot.web.servlet.context.ServletWebServerApplicationContext:Root WebApplicationContext: initialization completed in 5519 ms
2025-02-24 18:02:01,850 INFO  [restartedMain] org.hibernate.jpa.internal.util.LogHelper:HHH000204: Processing PersistenceUnitInfo [name: default]
2025-02-24 18:02:01,965 INFO  [restartedMain] org.hibernate.Version:HHH000412: Hibernate ORM core version 5.6.12.Final
2025-02-24 18:02:02,287 INFO  [restartedMain] org.hibernate.annotations.common.Version:HCANN000001: Hibernate Commons Annotations {5.1.2.Final}
2025-02-24 18:02:02,449 INFO  [restartedMain] com.zaxxer.hikari.HikariDataSource:HikariPool-1 - Starting...
2025-02-24 18:02:02,942 INFO  [restartedMain] com.zaxxer.hikari.HikariDataSource:HikariPool-1 - Start completed.
2025-02-24 18:02:02,969 INFO  [restartedMain] org.hibernate.dialect.Dialect:HHH000400: Using dialect: org.hibernate.dialect.PostgreSQL81Dialect
2025-02-24 18:02:05,342 INFO  [restartedMain] org.hibernate.engine.transaction.jta.platform.internal.JtaPlatformInitiator:HHH000490: Using JtaPlatform implementation: [org.hibernate.engine.transaction.jta.platform.internal.NoJtaPlatform]
2025-02-24 18:02:05,370 INFO  [restartedMain] org.springframework.orm.jpa.LocalContainerEntityManagerFactoryBean:Initialized JPA EntityManagerFactory for persistence unit 'default'
2025-02-24 18:02:07,699 INFO  [restartedMain] org.springframework.security.web.DefaultSecurityFilterChain:Will secure any request with [org.springframework.security.web.session.DisableEncodeUrlFilter@3c608614, org.springframework.security.web.context.request.async.WebAsyncManagerIntegrationFilter@23529235, org.springframework.security.web.context.SecurityContextPersistenceFilter@2c8e055a, org.springframework.security.web.header.HeaderWriterFilter@6a7f93f6, org.springframework.web.filter.CorsFilter@570755a7, org.springframework.security.web.authentication.logout.LogoutFilter@9803196, com.techproed.schoolmanagementbackendb326.securtiy.jwt.AuthTokenFilter@41da4161, org.springframework.security.web.savedrequest.RequestCacheAwareFilter@1f3e871a, org.springframework.security.web.servletapi.SecurityContextHolderAwareRequestFilter@1fec2cd, org.springframework.security.web.authentication.AnonymousAuthenticationFilter@2c14fed0, org.springframework.security.web.session.SessionManagementFilter@37e09fcb, org.springframework.security.web.access.ExceptionTranslationFilter@62e63037, org.springframework.security.web.access.intercept.FilterSecurityInterceptor@769d2613]
2025-02-24 18:02:08,118 INFO  [restartedMain] org.springframework.boot.devtools.autoconfigure.OptionalLiveReloadServer:LiveReload server is running on port 35729
2025-02-24 18:02:08,193 INFO  [restartedMain] org.springframework.boot.web.embedded.tomcat.TomcatWebServer:Tomcat started on port(s): 9092 (http) with context path ''
2025-02-24 18:02:08,207 INFO  [restartedMain] com.techproed.schoolmanagementbackendb326.SchoolManagementBackendB326Application:Started SchoolManagementBackendB326Application in 13.612 seconds (JVM running for 15.127)
